set ucliGUI::state
set ucliGUI::state
ucliCore::getToolPID
synopsys::env hasTB
trigger_hier_stack_context_switch 0
synUtils::setDVEInitPhase 1
synopsys::dump -type VPD -file /home/KNUEEhdd1/elec518/tjp6/01-vcs/12-vmips/inter.vpd -locking
synopsys::dump -autoflush on -fid VPD0
set ::dve_fid VPD0
synUtils::setDVEInitPhase 0
ucliCore::getToolPID
synUtils::sendTool -active _icl_setToolSocket /tmp/smlnpGRHtkF
synUtils::sendTool -active {_icl_start_rpc -version "R-2020.12-SP1_Full64" -sync_file /tmp/vcs_dve_rpc.tjp6.225421}
synUtils::sendTool -active {_icl_createSharedMemory /tmp/vcs_dve_general.tjp6.225421}
config endofsim noexit
config onfail enable all
config syscaddplainmembers
config syscaddsourcenames
config syscaddstructtypes
synopsys::listing -disable
synopsys::dump -add {vmips_tb} -scope "." -depth 1 -fid VPD0
synopsys::run
set ucliGUI::state
set ucliGUI::state
set ucliGUI::state
set ucliGUI::state
